npm error code ERESOLVE
npm error ERESOLVE unable to resolve dependency tree
npm error
npm error While resolving: teeline.online@0.0.1
npm error Found: svelte@5.1.16
npm error node_modules/svelte
npm error   dev svelte@"^5.1.16" from the root project
npm error   peer svelte@"^4.0.0 || ^5.0.0" from @storybook/svelte@8.4.3
npm error   node_modules/@storybook/svelte
npm error     dev @storybook/svelte@"^8.4.3" from the root project
npm error     peer @storybook/svelte@"^7.0.0 || ^8.0.0 || ^8.0.0-beta.0 || ^8.2.0-beta.0" from @storybook/addon-svelte-csf@4.1.7
npm error     node_modules/@storybook/addon-svelte-csf
npm error       dev @storybook/addon-svelte-csf@"^4.1.7" from the root project
npm error   1 more (@sveltejs/vite-plugin-svelte)
npm error
npm error Could not resolve dependency:
npm error peer svelte@"^4.0.0" from @storybook/addon-svelte-csf@4.1.7
npm error node_modules/@storybook/addon-svelte-csf
npm error   dev @storybook/addon-svelte-csf@"^4.1.7" from the root project
npm error
npm error Fix the upstream dependency conflict, or retry
npm error this command with --force or --legacy-peer-deps
npm error to accept an incorrect (and potentially broken) dependency resolution.
npm error
npm error
npm error For a full report see:
npm error /home/frederick/.npm/_logs/2024-11-13T17_26_50_413Z-eresolve-report.txt

npm error A complete log of this run can be found in: /home/frederick/.npm/_logs/2024-11-13T17_26_50_413Z-debug-0.log
